

Started GET "/assets/rails.png" for 127.0.0.1 at 2013-02-18 22:08:40 -0800
Connecting to database specified by database.yml
Served asset /rails.png - 200 OK (6ms)


Started GET "/" for 127.0.0.1 at 2013-02-18 22:09:00 -0800

ActionController::RoutingError (uninitialized constant WelcomeController):
  activesupport (3.2.11) lib/active_support/inflector/methods.rb:230:in `block in constantize'
  activesupport (3.2.11) lib/active_support/inflector/methods.rb:229:in `each'
  activesupport (3.2.11) lib/active_support/inflector/methods.rb:229:in `constantize'
  actionpack (3.2.11) lib/action_dispatch/routing/route_set.rb:69:in `controller_reference'
  actionpack (3.2.11) lib/action_dispatch/routing/route_set.rb:54:in `controller'
  actionpack (3.2.11) lib/action_dispatch/routing/route_set.rb:32:in `call'
  journey (1.0.4) lib/journey/router.rb:68:in `block in call'
  journey (1.0.4) lib/journey/router.rb:56:in `each'
  journey (1.0.4) lib/journey/router.rb:56:in `call'
  actionpack (3.2.11) lib/action_dispatch/routing/route_set.rb:601:in `call'
  actionpack (3.2.11) lib/action_dispatch/middleware/best_standards_support.rb:17:in `call'
  rack (1.4.5) lib/rack/etag.rb:23:in `call'
  rack (1.4.5) lib/rack/conditionalget.rb:25:in `call'
  actionpack (3.2.11) lib/action_dispatch/middleware/head.rb:14:in `call'
  actionpack (3.2.11) lib/action_dispatch/middleware/params_parser.rb:21:in `call'
  actionpack (3.2.11) lib/action_dispatch/middleware/flash.rb:242:in `call'
  rack (1.4.5) lib/rack/session/abstract/id.rb:210:in `context'
  rack (1.4.5) lib/rack/session/abstract/id.rb:205:in `call'
  actionpack (3.2.11) lib/action_dispatch/middleware/cookies.rb:341:in `call'
  activerecord (3.2.11) lib/active_record/query_cache.rb:64:in `call'
  activerecord (3.2.11) lib/active_record/connection_adapters/abstract/connection_pool.rb:479:in `call'
  actionpack (3.2.11) lib/action_dispatch/middleware/callbacks.rb:28:in `block in call'
  activesupport (3.2.11) lib/active_support/callbacks.rb:405:in `_run__3946914503794079818__call__3115187046808526587__callbacks'
  activesupport (3.2.11) lib/active_support/callbacks.rb:405:in `__run_callback'
  activesupport (3.2.11) lib/active_support/callbacks.rb:385:in `_run_call_callbacks'
  activesupport (3.2.11) lib/active_support/callbacks.rb:81:in `run_callbacks'
  actionpack (3.2.11) lib/action_dispatch/middleware/callbacks.rb:27:in `call'
  actionpack (3.2.11) lib/action_dispatch/middleware/reloader.rb:65:in `call'
  actionpack (3.2.11) lib/action_dispatch/middleware/remote_ip.rb:31:in `call'
  actionpack (3.2.11) lib/action_dispatch/middleware/debug_exceptions.rb:16:in `call'
  actionpack (3.2.11) lib/action_dispatch/middleware/show_exceptions.rb:56:in `call'
  railties (3.2.11) lib/rails/rack/logger.rb:32:in `call_app'
  railties (3.2.11) lib/rails/rack/logger.rb:16:in `block in call'
  activesupport (3.2.11) lib/active_support/tagged_logging.rb:22:in `tagged'
  railties (3.2.11) lib/rails/rack/logger.rb:16:in `call'
  actionpack (3.2.11) lib/action_dispatch/middleware/request_id.rb:22:in `call'
  rack (1.4.5) lib/rack/methodoverride.rb:21:in `call'
  rack (1.4.5) lib/rack/runtime.rb:17:in `call'
  activesupport (3.2.11) lib/active_support/cache/strategy/local_cache.rb:72:in `call'
  rack (1.4.5) lib/rack/lock.rb:15:in `call'
  actionpack (3.2.11) lib/action_dispatch/middleware/static.rb:62:in `call'
  railties (3.2.11) lib/rails/engine.rb:479:in `call'
  railties (3.2.11) lib/rails/application.rb:223:in `call'
  rack (1.4.5) lib/rack/content_length.rb:14:in `call'
  railties (3.2.11) lib/rails/rack/log_tailer.rb:17:in `call'
  rack (1.4.5) lib/rack/handler/webrick.rb:59:in `service'
  /Users/aaron/.rvm/rubies/ruby-1.9.3-p194/lib/ruby/1.9.1/webrick/httpserver.rb:138:in `service'
  /Users/aaron/.rvm/rubies/ruby-1.9.3-p194/lib/ruby/1.9.1/webrick/httpserver.rb:94:in `run'
  /Users/aaron/.rvm/rubies/ruby-1.9.3-p194/lib/ruby/1.9.1/webrick/server.rb:191:in `block in start_thread'


  Rendered /Users/aaron/.rvm/gems/ruby-1.9.3-p194/gems/actionpack-3.2.11/lib/action_dispatch/middleware/templates/rescues/routing_error.erb within rescues/layout (2.5ms)


Started GET "/" for 127.0.0.1 at 2013-02-18 22:09:23 -0800
Processing by PagesController#home as HTML
  Rendered pages/home.html.erb within layouts/application (0.5ms)
Compiled pages.css  (6ms)  (pid 54525)
Compiled application.css  (16ms)  (pid 54525)
Compiled jquery.js  (2ms)  (pid 54525)
Compiled jquery_ujs.js  (0ms)  (pid 54525)
Compiled pages.js  (127ms)  (pid 54525)
Compiled application.js  (158ms)  (pid 54525)
Completed 200 OK in 282ms (Views: 281.7ms | ActiveRecord: 0.0ms)


Started GET "/assets/pages.css?body=1" for 127.0.0.1 at 2013-02-18 22:09:24 -0800
Served asset /pages.css - 200 OK (4ms)


Started GET "/assets/jquery_ujs.js?body=1" for 127.0.0.1 at 2013-02-18 22:09:24 -0800
Served asset /jquery_ujs.js - 200 OK (2ms)


Started GET "/assets/jquery.js?body=1" for 127.0.0.1 at 2013-02-18 22:09:24 -0800
Served asset /jquery.js - 200 OK (3ms)


Started GET "/assets/pages.js?body=1" for 127.0.0.1 at 2013-02-18 22:09:24 -0800
Served asset /pages.js - 200 OK (1ms)


Started GET "/assets/application.js?body=1" for 127.0.0.1 at 2013-02-18 22:09:24 -0800
Served asset /application.js - 200 OK (8ms)


Started GET "/assets/application.css?body=1" for 127.0.0.1 at 2013-02-18 22:09:24 -0800
Served asset /application.css - 200 OK (3ms)


Started GET "/" for 127.0.0.1 at 2013-02-18 22:27:15 -0800
Connecting to database specified by database.yml
Processing by PagesController#home as HTML
  Rendered pages/home.html.erb within layouts/application (56.1ms)
Completed 200 OK in 97ms (Views: 96.9ms | ActiveRecord: 0.0ms)


Started GET "/assets/jquery.js?body=1" for 127.0.0.1 at 2013-02-18 22:27:16 -0800
Served asset /jquery.js - 304 Not Modified (3ms)


Started GET "/assets/application.css?body=1" for 127.0.0.1 at 2013-02-18 22:27:16 -0800
Served asset /application.css - 304 Not Modified (7ms)


Started GET "/assets/pages.css?body=1" for 127.0.0.1 at 2013-02-18 22:27:16 -0800
Served asset /pages.css - 304 Not Modified (1ms)


Started GET "/assets/jquery_ujs.js?body=1" for 127.0.0.1 at 2013-02-18 22:27:16 -0800
Served asset /jquery_ujs.js - 304 Not Modified (2ms)


Started GET "/assets/application.js?body=1" for 127.0.0.1 at 2013-02-18 22:27:16 -0800
Served asset /application.js - 304 Not Modified (13ms)


Started GET "/assets/pages.js?body=1" for 127.0.0.1 at 2013-02-18 22:27:16 -0800
Served asset /pages.js - 304 Not Modified (2ms)


Started GET "/about" for 127.0.0.1 at 2013-02-18 22:28:30 -0800

AbstractController::ActionNotFound (The action 'about' could not be found for PagesController):
  actionpack (3.2.11) lib/abstract_controller/base.rb:116:in `process'
  actionpack (3.2.11) lib/abstract_controller/rendering.rb:45:in `process'
  actionpack (3.2.11) lib/action_controller/metal.rb:203:in `dispatch'
  actionpack (3.2.11) lib/action_controller/metal/rack_delegation.rb:14:in `dispatch'
  actionpack (3.2.11) lib/action_controller/metal.rb:246:in `block in action'
  actionpack (3.2.11) lib/action_dispatch/routing/route_set.rb:73:in `call'
  actionpack (3.2.11) lib/action_dispatch/routing/route_set.rb:73:in `dispatch'
  actionpack (3.2.11) lib/action_dispatch/routing/route_set.rb:36:in `call'
  journey (1.0.4) lib/journey/router.rb:68:in `block in call'
  journey (1.0.4) lib/journey/router.rb:56:in `each'
  journey (1.0.4) lib/journey/router.rb:56:in `call'
  actionpack (3.2.11) lib/action_dispatch/routing/route_set.rb:601:in `call'
  actionpack (3.2.11) lib/action_dispatch/middleware/best_standards_support.rb:17:in `call'
  rack (1.4.5) lib/rack/etag.rb:23:in `call'
  rack (1.4.5) lib/rack/conditionalget.rb:25:in `call'
  actionpack (3.2.11) lib/action_dispatch/middleware/head.rb:14:in `call'
  actionpack (3.2.11) lib/action_dispatch/middleware/params_parser.rb:21:in `call'
  actionpack (3.2.11) lib/action_dispatch/middleware/flash.rb:242:in `call'
  rack (1.4.5) lib/rack/session/abstract/id.rb:210:in `context'
  rack (1.4.5) lib/rack/session/abstract/id.rb:205:in `call'
  actionpack (3.2.11) lib/action_dispatch/middleware/cookies.rb:341:in `call'
  activerecord (3.2.11) lib/active_record/query_cache.rb:64:in `call'
  activerecord (3.2.11) lib/active_record/connection_adapters/abstract/connection_pool.rb:479:in `call'
  actionpack (3.2.11) lib/action_dispatch/middleware/callbacks.rb:28:in `block in call'
  activesupport (3.2.11) lib/active_support/callbacks.rb:405:in `_run__970948645387766769__call__3137803142613619515__callbacks'
  activesupport (3.2.11) lib/active_support/callbacks.rb:405:in `__run_callback'
  activesupport (3.2.11) lib/active_support/callbacks.rb:385:in `_run_call_callbacks'
  activesupport (3.2.11) lib/active_support/callbacks.rb:81:in `run_callbacks'
  actionpack (3.2.11) lib/action_dispatch/middleware/callbacks.rb:27:in `call'
  actionpack (3.2.11) lib/action_dispatch/middleware/reloader.rb:65:in `call'
  actionpack (3.2.11) lib/action_dispatch/middleware/remote_ip.rb:31:in `call'
  actionpack (3.2.11) lib/action_dispatch/middleware/debug_exceptions.rb:16:in `call'
  actionpack (3.2.11) lib/action_dispatch/middleware/show_exceptions.rb:56:in `call'
  railties (3.2.11) lib/rails/rack/logger.rb:32:in `call_app'
  railties (3.2.11) lib/rails/rack/logger.rb:16:in `block in call'
  activesupport (3.2.11) lib/active_support/tagged_logging.rb:22:in `tagged'
  railties (3.2.11) lib/rails/rack/logger.rb:16:in `call'
  actionpack (3.2.11) lib/action_dispatch/middleware/request_id.rb:22:in `call'
  rack (1.4.5) lib/rack/methodoverride.rb:21:in `call'
  rack (1.4.5) lib/rack/runtime.rb:17:in `call'
  activesupport (3.2.11) lib/active_support/cache/strategy/local_cache.rb:72:in `call'
  rack (1.4.5) lib/rack/lock.rb:15:in `call'
  actionpack (3.2.11) lib/action_dispatch/middleware/static.rb:62:in `call'
  railties (3.2.11) lib/rails/engine.rb:479:in `call'
  railties (3.2.11) lib/rails/application.rb:223:in `call'
  rack (1.4.5) lib/rack/content_length.rb:14:in `call'
  railties (3.2.11) lib/rails/rack/log_tailer.rb:17:in `call'
  rack (1.4.5) lib/rack/handler/webrick.rb:59:in `service'
  /Users/aaron/.rvm/rubies/ruby-1.9.3-p194/lib/ruby/1.9.1/webrick/httpserver.rb:138:in `service'
  /Users/aaron/.rvm/rubies/ruby-1.9.3-p194/lib/ruby/1.9.1/webrick/httpserver.rb:94:in `run'
  /Users/aaron/.rvm/rubies/ruby-1.9.3-p194/lib/ruby/1.9.1/webrick/server.rb:191:in `block in start_thread'


  Rendered /Users/aaron/.rvm/gems/ruby-1.9.3-p194/gems/actionpack-3.2.11/lib/action_dispatch/middleware/templates/rescues/unknown_action.erb within rescues/layout (0.7ms)


Started GET "/about" for 127.0.0.1 at 2013-02-18 22:29:06 -0800

AbstractController::ActionNotFound (The action 'about' could not be found for PagesController):
  actionpack (3.2.11) lib/abstract_controller/base.rb:116:in `process'
  actionpack (3.2.11) lib/abstract_controller/rendering.rb:45:in `process'
  actionpack (3.2.11) lib/action_controller/metal.rb:203:in `dispatch'
  actionpack (3.2.11) lib/action_controller/metal/rack_delegation.rb:14:in `dispatch'
  actionpack (3.2.11) lib/action_controller/metal.rb:246:in `block in action'
  actionpack (3.2.11) lib/action_dispatch/routing/route_set.rb:73:in `call'
  actionpack (3.2.11) lib/action_dispatch/routing/route_set.rb:73:in `dispatch'
  actionpack (3.2.11) lib/action_dispatch/routing/route_set.rb:36:in `call'
  journey (1.0.4) lib/journey/router.rb:68:in `block in call'
  journey (1.0.4) lib/journey/router.rb:56:in `each'
  journey (1.0.4) lib/journey/router.rb:56:in `call'
  actionpack (3.2.11) lib/action_dispatch/routing/route_set.rb:601:in `call'
  actionpack (3.2.11) lib/action_dispatch/middleware/best_standards_support.rb:17:in `call'
  rack (1.4.5) lib/rack/etag.rb:23:in `call'
  rack (1.4.5) lib/rack/conditionalget.rb:25:in `call'
  actionpack (3.2.11) lib/action_dispatch/middleware/head.rb:14:in `call'
  actionpack (3.2.11) lib/action_dispatch/middleware/params_parser.rb:21:in `call'
  actionpack (3.2.11) lib/action_dispatch/middleware/flash.rb:242:in `call'
  rack (1.4.5) lib/rack/session/abstract/id.rb:210:in `context'
  rack (1.4.5) lib/rack/session/abstract/id.rb:205:in `call'
  actionpack (3.2.11) lib/action_dispatch/middleware/cookies.rb:341:in `call'
  activerecord (3.2.11) lib/active_record/query_cache.rb:64:in `call'
  activerecord (3.2.11) lib/active_record/connection_adapters/abstract/connection_pool.rb:479:in `call'
  actionpack (3.2.11) lib/action_dispatch/middleware/callbacks.rb:28:in `block in call'
  activesupport (3.2.11) lib/active_support/callbacks.rb:405:in `_run__970948645387766769__call__3137803142613619515__callbacks'
  activesupport (3.2.11) lib/active_support/callbacks.rb:405:in `__run_callback'
  activesupport (3.2.11) lib/active_support/callbacks.rb:385:in `_run_call_callbacks'
  activesupport (3.2.11) lib/active_support/callbacks.rb:81:in `run_callbacks'
  actionpack (3.2.11) lib/action_dispatch/middleware/callbacks.rb:27:in `call'
  actionpack (3.2.11) lib/action_dispatch/middleware/reloader.rb:65:in `call'
  actionpack (3.2.11) lib/action_dispatch/middleware/remote_ip.rb:31:in `call'
  actionpack (3.2.11) lib/action_dispatch/middleware/debug_exceptions.rb:16:in `call'
  actionpack (3.2.11) lib/action_dispatch/middleware/show_exceptions.rb:56:in `call'
  railties (3.2.11) lib/rails/rack/logger.rb:32:in `call_app'
  railties (3.2.11) lib/rails/rack/logger.rb:16:in `block in call'
  activesupport (3.2.11) lib/active_support/tagged_logging.rb:22:in `tagged'
  railties (3.2.11) lib/rails/rack/logger.rb:16:in `call'
  actionpack (3.2.11) lib/action_dispatch/middleware/request_id.rb:22:in `call'
  rack (1.4.5) lib/rack/methodoverride.rb:21:in `call'
  rack (1.4.5) lib/rack/runtime.rb:17:in `call'
  activesupport (3.2.11) lib/active_support/cache/strategy/local_cache.rb:72:in `call'
  rack (1.4.5) lib/rack/lock.rb:15:in `call'
  actionpack (3.2.11) lib/action_dispatch/middleware/static.rb:62:in `call'
  railties (3.2.11) lib/rails/engine.rb:479:in `call'
  railties (3.2.11) lib/rails/application.rb:223:in `call'
  rack (1.4.5) lib/rack/content_length.rb:14:in `call'
  railties (3.2.11) lib/rails/rack/log_tailer.rb:17:in `call'
  rack (1.4.5) lib/rack/handler/webrick.rb:59:in `service'
  /Users/aaron/.rvm/rubies/ruby-1.9.3-p194/lib/ruby/1.9.1/webrick/httpserver.rb:138:in `service'
  /Users/aaron/.rvm/rubies/ruby-1.9.3-p194/lib/ruby/1.9.1/webrick/httpserver.rb:94:in `run'
  /Users/aaron/.rvm/rubies/ruby-1.9.3-p194/lib/ruby/1.9.1/webrick/server.rb:191:in `block in start_thread'


  Rendered /Users/aaron/.rvm/gems/ruby-1.9.3-p194/gems/actionpack-3.2.11/lib/action_dispatch/middleware/templates/rescues/unknown_action.erb within rescues/layout (0.5ms)


Started GET "/about" for 127.0.0.1 at 2013-02-18 22:31:01 -0800
Processing by PagesController#about as HTML
  Rendered pages/about.html.erb within layouts/application (0.4ms)
Completed 200 OK in 6ms (Views: 5.4ms | ActiveRecord: 0.0ms)


Started GET "/assets/jquery_ujs.js?body=1" for 127.0.0.1 at 2013-02-18 22:31:01 -0800
Served asset /jquery_ujs.js - 304 Not Modified (0ms)


Started GET "/assets/pages.js?body=1" for 127.0.0.1 at 2013-02-18 22:31:01 -0800
Served asset /pages.js - 304 Not Modified (0ms)


Started GET "/assets/application.js?body=1" for 127.0.0.1 at 2013-02-18 22:31:01 -0800
Served asset /application.js - 304 Not Modified (0ms)


Started GET "/assets/jquery.js?body=1" for 127.0.0.1 at 2013-02-18 22:31:01 -0800
Served asset /jquery.js - 304 Not Modified (0ms)


Started GET "/assets/pages.css?body=1" for 127.0.0.1 at 2013-02-18 22:31:01 -0800
Served asset /pages.css - 304 Not Modified (0ms)


Started GET "/assets/application.css?body=1" for 127.0.0.1 at 2013-02-18 22:31:01 -0800
Served asset /application.css - 304 Not Modified (0ms)


Started GET "/about" for 127.0.0.1 at 2013-02-18 22:31:22 -0800
Processing by PagesController#about as HTML
  Rendered pages/about.html.erb within layouts/application (0.3ms)
Completed 200 OK in 5ms (Views: 4.6ms | ActiveRecord: 0.0ms)


Started GET "/assets/pages.css?body=1" for 127.0.0.1 at 2013-02-18 22:31:22 -0800
Served asset /pages.css - 304 Not Modified (0ms)


Started GET "/assets/jquery_ujs.js?body=1" for 127.0.0.1 at 2013-02-18 22:31:22 -0800
Served asset /jquery_ujs.js - 304 Not Modified (0ms)


Started GET "/assets/jquery.js?body=1" for 127.0.0.1 at 2013-02-18 22:31:22 -0800
Served asset /jquery.js - 304 Not Modified (0ms)


Started GET "/assets/pages.js?body=1" for 127.0.0.1 at 2013-02-18 22:31:22 -0800
Served asset /pages.js - 304 Not Modified (0ms)


Started GET "/assets/application.js?body=1" for 127.0.0.1 at 2013-02-18 22:31:22 -0800
Served asset /application.js - 304 Not Modified (0ms)


Started GET "/assets/application.css?body=1" for 127.0.0.1 at 2013-02-18 22:31:22 -0800
Served asset /application.css - 304 Not Modified (0ms)


Started GET "/" for 127.0.0.1 at 2013-02-18 22:32:23 -0800
Processing by PagesController#home as HTML
  Rendered pages/home.html.erb within layouts/application (0.8ms)
Completed 200 OK in 11ms (Views: 8.2ms | ActiveRecord: 0.0ms)


Started GET "/assets/application.css?body=1" for 127.0.0.1 at 2013-02-18 22:32:23 -0800
Served asset /application.css - 304 Not Modified (0ms)


Started GET "/assets/jquery.js?body=1" for 127.0.0.1 at 2013-02-18 22:32:23 -0800
Served asset /jquery.js - 304 Not Modified (0ms)


Started GET "/assets/pages.css?body=1" for 127.0.0.1 at 2013-02-18 22:32:23 -0800
Served asset /pages.css - 304 Not Modified (0ms)


Started GET "/assets/jquery_ujs.js?body=1" for 127.0.0.1 at 2013-02-18 22:32:23 -0800
Served asset /jquery_ujs.js - 304 Not Modified (0ms)


Started GET "/assets/pages.js?body=1" for 127.0.0.1 at 2013-02-18 22:32:23 -0800
Served asset /pages.js - 304 Not Modified (0ms)


Started GET "/assets/application.js?body=1" for 127.0.0.1 at 2013-02-18 22:32:23 -0800
Served asset /application.js - 304 Not Modified (0ms)


Started GET "/" for 127.0.0.1 at 2013-02-18 22:35:50 -0800
Processing by PagesController#home as HTML
  Rendered pages/home.html.erb within layouts/application (0.4ms)
Completed 200 OK in 5ms (Views: 5.2ms | ActiveRecord: 0.0ms)


Started GET "/assets/pages.css?body=1" for 127.0.0.1 at 2013-02-18 22:35:50 -0800
Served asset /pages.css - 304 Not Modified (0ms)


Started GET "/assets/application.css?body=1" for 127.0.0.1 at 2013-02-18 22:35:50 -0800
Served asset /application.css - 304 Not Modified (0ms)


Started GET "/assets/pages.js?body=1" for 127.0.0.1 at 2013-02-18 22:35:50 -0800
Served asset /pages.js - 304 Not Modified (0ms)


Started GET "/assets/jquery_ujs.js?body=1" for 127.0.0.1 at 2013-02-18 22:35:50 -0800
Served asset /jquery_ujs.js - 304 Not Modified (0ms)


Started GET "/assets/jquery.js?body=1" for 127.0.0.1 at 2013-02-18 22:35:50 -0800
Served asset /jquery.js - 304 Not Modified (0ms)


Started GET "/assets/application.js?body=1" for 127.0.0.1 at 2013-02-18 22:35:50 -0800
Served asset /application.js - 304 Not Modified (0ms)


Started GET "/" for 127.0.0.1 at 2013-02-18 22:36:09 -0800
Processing by PagesController#home as HTML
  Rendered pages/home.html.erb within layouts/application (0.4ms)
Completed 200 OK in 6ms (Views: 5.9ms | ActiveRecord: 0.0ms)


Started GET "/assets/pages.css?body=1" for 127.0.0.1 at 2013-02-18 22:36:09 -0800
Served asset /pages.css - 304 Not Modified (0ms)


Started GET "/assets/jquery.js?body=1" for 127.0.0.1 at 2013-02-18 22:36:09 -0800
Served asset /jquery.js - 304 Not Modified (0ms)


Started GET "/assets/pages.js?body=1" for 127.0.0.1 at 2013-02-18 22:36:09 -0800
Served asset /pages.js - 304 Not Modified (0ms)


Started GET "/assets/jquery_ujs.js?body=1" for 127.0.0.1 at 2013-02-18 22:36:09 -0800
Served asset /jquery_ujs.js - 304 Not Modified (0ms)


Started GET "/assets/application.css?body=1" for 127.0.0.1 at 2013-02-18 22:36:09 -0800
Served asset /application.css - 304 Not Modified (0ms)


Started GET "/assets/application.js?body=1" for 127.0.0.1 at 2013-02-18 22:36:09 -0800
Served asset /application.js - 304 Not Modified (0ms)


Started GET "/" for 127.0.0.1 at 2013-02-18 22:38:05 -0800
Processing by PagesController#home as HTML
ERROR: compiling _app_views_pages_home_html_erb__4195931920173633305_70294621118120 RAISED /Users/aaron/Sites/pinterest/app/views/pages/home.html.erb:4: unknown regexp options - apdc
/Users/aaron/Sites/pinterest/app/views/pages/home.html.erb:6: syntax error, unexpected '<', expecting ')'
/Users/aaron/Sites/pinterest/app/views/pages/home.html.erb:9: syntax error, unexpected tSTRING_BEG, expecting ')'
	<a href="http://snapdocs.com">SnapDocs</a><br>
	                             ^
/Users/aaron/Sites/pinterest/app/views/pages/home.html.erb:10: syntax error, unexpected tIDENTIFIER, expecting ')'
	<a href="http://notarysync.com">NotarySync</a><br>
	             ^
/Users/aaron/Sites/pinterest/app/views/pages/home.html.erb:10: unknown regexp options - taryyc
/Users/aaron/Sites/pinterest/app/views/pages/home.html.erb:12: syntax error, unexpected tIDENTIFIER, expecting ')'
<div class="footer">
                  ^
/Users/aaron/Sites/pinterest/app/views/pages/home.html.erb:15: unterminated string meets end of file
/Users/aaron/Sites/pinterest/app/views/pages/home.html.erb:15: syntax error, unexpected $end, expecting ')'
Function body:           def _app_views_pages_home_html_erb__4195931920173633305_70294621118120(local_assigns, output_buffer)
            _old_virtual_path, @virtual_path = @virtual_path, "pages/home";_old_output_buffer = @output_buffer;;@output_buffer = output_buffer || ActionView::OutputBuffer.new;@output_buffer.safe_concat('<h1>Welcome to Pinterest (clone)</h1>

<p>
	');@output_buffer.append= (  link_to "One Month Rails, "http://snapdocs.com");@output_buffer.safe_concat('
');@output_buffer.safe_concat(' 	<a href="#">Sign Up Now!</a>
</p>
<p>
	Check out some of my other projects:<br>
	<a href="http://snapdocs.com">SnapDocs</a><br>
	<a href="http://notarysync.com">NotarySync</a><br>
</p>
<div class="footer">
	<small>
		<a href="#"></a> by Aaron King
');@output_buffer.to_s
          ensure
            @virtual_path, @output_buffer = _old_virtual_path, _old_output_buffer
          end

Backtrace: /Users/aaron/.rvm/gems/ruby-1.9.3-p194/gems/actionpack-3.2.11/lib/action_view/template.rb:297:in `module_eval'
/Users/aaron/.rvm/gems/ruby-1.9.3-p194/gems/actionpack-3.2.11/lib/action_view/template.rb:297:in `compile'
/Users/aaron/.rvm/gems/ruby-1.9.3-p194/gems/actionpack-3.2.11/lib/action_view/template.rb:244:in `block in compile!'
<internal:prelude>:10:in `synchronize'
/Users/aaron/.rvm/gems/ruby-1.9.3-p194/gems/actionpack-3.2.11/lib/action_view/template.rb:232:in `compile!'
/Users/aaron/.rvm/gems/ruby-1.9.3-p194/gems/actionpack-3.2.11/lib/action_view/template.rb:144:in `block in render'
/Users/aaron/.rvm/gems/ruby-1.9.3-p194/gems/activesupport-3.2.11/lib/active_support/notifications.rb:125:in `instrument'
/Users/aaron/.rvm/gems/ruby-1.9.3-p194/gems/actionpack-3.2.11/lib/action_view/template.rb:143:in `render'
/Users/aaron/.rvm/gems/ruby-1.9.3-p194/gems/actionpack-3.2.11/lib/action_view/renderer/template_renderer.rb:47:in `block (2 levels) in render_template'
/Users/aaron/.rvm/gems/ruby-1.9.3-p194/gems/actionpack-3.2.11/lib/action_view/renderer/abstract_renderer.rb:38:in `block in instrument'
/Users/aaron/.rvm/gems/ruby-1.9.3-p194/gems/activesupport-3.2.11/lib/active_support/notifications.rb:123:in `block in instrument'
/Users/aaron/.rvm/gems/ruby-1.9.3-p194/gems/activesupport-3.2.11/lib/active_support/notifications/instrumenter.rb:20:in `instrument'
/Users/aaron/.rvm/gems/ruby-1.9.3-p194/gems/activesupport-3.2.11/lib/active_support/notifications.rb:123:in `instrument'
/Users/aaron/.rvm/gems/ruby-1.9.3-p194/gems/actionpack-3.2.11/lib/action_view/renderer/abstract_renderer.rb:38:in `instrument'
/Users/aaron/.rvm/gems/ruby-1.9.3-p194/gems/actionpack-3.2.11/lib/action_view/renderer/template_renderer.rb:46:in `block in render_template'
/Users/aaron/.rvm/gems/ruby-1.9.3-p194/gems/actionpack-3.2.11/lib/action_view/renderer/template_renderer.rb:54:in `render_with_layout'
/Users/aaron/.rvm/gems/ruby-1.9.3-p194/gems/actionpack-3.2.11/lib/action_view/renderer/template_renderer.rb:45:in `render_template'
/Users/aaron/.rvm/gems/ruby-1.9.3-p194/gems/actionpack-3.2.11/lib/action_view/renderer/template_renderer.rb:18:in `render'
/Users/aaron/.rvm/gems/ruby-1.9.3-p194/gems/actionpack-3.2.11/lib/action_view/renderer/renderer.rb:36:in `render_template'
/Users/aaron/.rvm/gems/ruby-1.9.3-p194/gems/actionpack-3.2.11/lib/action_view/renderer/renderer.rb:17:in `render'
/Users/aaron/.rvm/gems/ruby-1.9.3-p194/gems/actionpack-3.2.11/lib/abstract_controller/rendering.rb:110:in `_render_template'
/Users/aaron/.rvm/gems/ruby-1.9.3-p194/gems/actionpack-3.2.11/lib/action_controller/metal/streaming.rb:225:in `_render_template'
/Users/aaron/.rvm/gems/ruby-1.9.3-p194/gems/actionpack-3.2.11/lib/abstract_controller/rendering.rb:103:in `render_to_body'
/Users/aaron/.rvm/gems/ruby-1.9.3-p194/gems/actionpack-3.2.11/lib/action_controller/metal/renderers.rb:28:in `render_to_body'
/Users/aaron/.rvm/gems/ruby-1.9.3-p194/gems/actionpack-3.2.11/lib/action_controller/metal/compatibility.rb:50:in `render_to_body'
/Users/aaron/.rvm/gems/ruby-1.9.3-p194/gems/actionpack-3.2.11/lib/abstract_controller/rendering.rb:88:in `render'
/Users/aaron/.rvm/gems/ruby-1.9.3-p194/gems/actionpack-3.2.11/lib/action_controller/metal/rendering.rb:16:in `render'
/Users/aaron/.rvm/gems/ruby-1.9.3-p194/gems/actionpack-3.2.11/lib/action_controller/metal/instrumentation.rb:40:in `block (2 levels) in render'
/Users/aaron/.rvm/gems/ruby-1.9.3-p194/gems/activesupport-3.2.11/lib/active_support/core_ext/benchmark.rb:5:in `block in ms'
/Users/aaron/.rvm/rubies/ruby-1.9.3-p194/lib/ruby/1.9.1/benchmark.rb:295:in `realtime'
/Users/aaron/.rvm/gems/ruby-1.9.3-p194/gems/activesupport-3.2.11/lib/active_support/core_ext/benchmark.rb:5:in `ms'
/Users/aaron/.rvm/gems/ruby-1.9.3-p194/gems/actionpack-3.2.11/lib/action_controller/metal/instrumentation.rb:40:in `block in render'
/Users/aaron/.rvm/gems/ruby-1.9.3-p194/gems/actionpack-3.2.11/lib/action_controller/metal/instrumentation.rb:83:in `cleanup_view_runtime'
/Users/aaron/.rvm/gems/ruby-1.9.3-p194/gems/activerecord-3.2.11/lib/active_record/railties/controller_runtime.rb:24:in `cleanup_view_runtime'
/Users/aaron/.rvm/gems/ruby-1.9.3-p194/gems/actionpack-3.2.11/lib/action_controller/metal/instrumentation.rb:39:in `render'
/Users/aaron/.rvm/gems/ruby-1.9.3-p194/gems/actionpack-3.2.11/lib/action_controller/metal/implicit_render.rb:10:in `default_render'
/Users/aaron/.rvm/gems/ruby-1.9.3-p194/gems/actionpack-3.2.11/lib/action_controller/metal/implicit_render.rb:5:in `send_action'
/Users/aaron/.rvm/gems/ruby-1.9.3-p194/gems/actionpack-3.2.11/lib/abstract_controller/base.rb:167:in `process_action'
/Users/aaron/.rvm/gems/ruby-1.9.3-p194/gems/actionpack-3.2.11/lib/action_controller/metal/rendering.rb:10:in `process_action'
/Users/aaron/.rvm/gems/ruby-1.9.3-p194/gems/actionpack-3.2.11/lib/abstract_controller/callbacks.rb:18:in `block in process_action'
/Users/aaron/.rvm/gems/ruby-1.9.3-p194/gems/activesupport-3.2.11/lib/active_support/callbacks.rb:414:in `_run__3615860563154988710__process_action__3671998041585128178__callbacks'
/Users/aaron/.rvm/gems/ruby-1.9.3-p194/gems/activesupport-3.2.11/lib/active_support/callbacks.rb:405:in `__run_callback'
/Users/aaron/.rvm/gems/ruby-1.9.3-p194/gems/activesupport-3.2.11/lib/active_support/callbacks.rb:385:in `_run_process_action_callbacks'
/Users/aaron/.rvm/gems/ruby-1.9.3-p194/gems/activesupport-3.2.11/lib/active_support/callbacks.rb:81:in `run_callbacks'
/Users/aaron/.rvm/gems/ruby-1.9.3-p194/gems/actionpack-3.2.11/lib/abstract_controller/callbacks.rb:17:in `process_action'
/Users/aaron/.rvm/gems/ruby-1.9.3-p194/gems/actionpack-3.2.11/lib/action_controller/metal/rescue.rb:29:in `process_action'
/Users/aaron/.rvm/gems/ruby-1.9.3-p194/gems/actionpack-3.2.11/lib/action_controller/metal/instrumentation.rb:30:in `block in process_action'
/Users/aaron/.rvm/gems/ruby-1.9.3-p194/gems/activesupport-3.2.11/lib/active_support/notifications.rb:123:in `block in instrument'
/Users/aaron/.rvm/gems/ruby-1.9.3-p194/gems/activesupport-3.2.11/lib/active_support/notifications/instrumenter.rb:20:in `instrument'
/Users/aaron/.rvm/gems/ruby-1.9.3-p194/gems/activesupport-3.2.11/lib/active_support/notifications.rb:123:in `instrument'
/Users/aaron/.rvm/gems/ruby-1.9.3-p194/gems/actionpack-3.2.11/lib/action_controller/metal/instrumentation.rb:29:in `process_action'
/Users/aaron/.rvm/gems/ruby-1.9.3-p194/gems/actionpack-3.2.11/lib/action_controller/metal/params_wrapper.rb:207:in `process_action'
/Users/aaron/.rvm/gems/ruby-1.9.3-p194/gems/activerecord-3.2.11/lib/active_record/railties/controller_runtime.rb:18:in `process_action'
/Users/aaron/.rvm/gems/ruby-1.9.3-p194/gems/actionpack-3.2.11/lib/abstract_controller/base.rb:121:in `process'
/Users/aaron/.rvm/gems/ruby-1.9.3-p194/gems/actionpack-3.2.11/lib/abstract_controller/rendering.rb:45:in `process'
/Users/aaron/.rvm/gems/ruby-1.9.3-p194/gems/actionpack-3.2.11/lib/action_controller/metal.rb:203:in `dispatch'
/Users/aaron/.rvm/gems/ruby-1.9.3-p194/gems/actionpack-3.2.11/lib/action_controller/metal/rack_delegation.rb:14:in `dispatch'
/Users/aaron/.rvm/gems/ruby-1.9.3-p194/gems/actionpack-3.2.11/lib/action_controller/metal.rb:246:in `block in action'
/Users/aaron/.rvm/gems/ruby-1.9.3-p194/gems/actionpack-3.2.11/lib/action_dispatch/routing/route_set.rb:73:in `call'
/Users/aaron/.rvm/gems/ruby-1.9.3-p194/gems/actionpack-3.2.11/lib/action_dispatch/routing/route_set.rb:73:in `dispatch'
/Users/aaron/.rvm/gems/ruby-1.9.3-p194/gems/actionpack-3.2.11/lib/action_dispatch/routing/route_set.rb:36:in `call'
/Users/aaron/.rvm/gems/ruby-1.9.3-p194/gems/journey-1.0.4/lib/journey/router.rb:68:in `block in call'
/Users/aaron/.rvm/gems/ruby-1.9.3-p194/gems/journey-1.0.4/lib/journey/router.rb:56:in `each'
/Users/aaron/.rvm/gems/ruby-1.9.3-p194/gems/journey-1.0.4/lib/journey/router.rb:56:in `call'
/Users/aaron/.rvm/gems/ruby-1.9.3-p194/gems/actionpack-3.2.11/lib/action_dispatch/routing/route_set.rb:601:in `call'
/Users/aaron/.rvm/gems/ruby-1.9.3-p194/gems/actionpack-3.2.11/lib/action_dispatch/middleware/best_standards_support.rb:17:in `call'
/Users/aaron/.rvm/gems/ruby-1.9.3-p194/gems/rack-1.4.5/lib/rack/etag.rb:23:in `call'
/Users/aaron/.rvm/gems/ruby-1.9.3-p194/gems/rack-1.4.5/lib/rack/conditionalget.rb:25:in `call'
/Users/aaron/.rvm/gems/ruby-1.9.3-p194/gems/actionpack-3.2.11/lib/action_dispatch/middleware/head.rb:14:in `call'
/Users/aaron/.rvm/gems/ruby-1.9.3-p194/gems/actionpack-3.2.11/lib/action_dispatch/middleware/params_parser.rb:21:in `call'
/Users/aaron/.rvm/gems/ruby-1.9.3-p194/gems/actionpack-3.2.11/lib/action_dispatch/middleware/flash.rb:242:in `call'
/Users/aaron/.rvm/gems/ruby-1.9.3-p194/gems/rack-1.4.5/lib/rack/session/abstract/id.rb:210:in `context'
/Users/aaron/.rvm/gems/ruby-1.9.3-p194/gems/rack-1.4.5/lib/rack/session/abstract/id.rb:205:in `call'
/Users/aaron/.rvm/gems/ruby-1.9.3-p194/gems/actionpack-3.2.11/lib/action_dispatch/middleware/cookies.rb:341:in `call'
/Users/aaron/.rvm/gems/ruby-1.9.3-p194/gems/activerecord-3.2.11/lib/active_record/query_cache.rb:64:in `call'
/Users/aaron/.rvm/gems/ruby-1.9.3-p194/gems/activerecord-3.2.11/lib/active_record/connection_adapters/abstract/connection_pool.rb:479:in `call'
/Users/aaron/.rvm/gems/ruby-1.9.3-p194/gems/actionpack-3.2.11/lib/action_dispatch/middleware/callbacks.rb:28:in `block in call'
/Users/aaron/.rvm/gems/ruby-1.9.3-p194/gems/activesupport-3.2.11/lib/active_support/callbacks.rb:405:in `_run__970948645387766769__call__3137803142613619515__callbacks'
/Users/aaron/.rvm/gems/ruby-1.9.3-p194/gems/activesupport-3.2.11/lib/active_support/callbacks.rb:405:in `__run_callback'
/Users/aaron/.rvm/gems/ruby-1.9.3-p194/gems/activesupport-3.2.11/lib/active_support/callbacks.rb:385:in `_run_call_callbacks'
/Users/aaron/.rvm/gems/ruby-1.9.3-p194/gems/activesupport-3.2.11/lib/active_support/callbacks.rb:81:in `run_callbacks'
/Users/aaron/.rvm/gems/ruby-1.9.3-p194/gems/actionpack-3.2.11/lib/action_dispatch/middleware/callbacks.rb:27:in `call'
/Users/aaron/.rvm/gems/ruby-1.9.3-p194/gems/actionpack-3.2.11/lib/action_dispatch/middleware/reloader.rb:65:in `call'
/Users/aaron/.rvm/gems/ruby-1.9.3-p194/gems/actionpack-3.2.11/lib/action_dispatch/middleware/remote_ip.rb:31:in `call'
/Users/aaron/.rvm/gems/ruby-1.9.3-p194/gems/actionpack-3.2.11/lib/action_dispatch/middleware/debug_exceptions.rb:16:in `call'
/Users/aaron/.rvm/gems/ruby-1.9.3-p194/gems/actionpack-3.2.11/lib/action_dispatch/middleware/show_exceptions.rb:56:in `call'
/Users/aaron/.rvm/gems/ruby-1.9.3-p194/gems/railties-3.2.11/lib/rails/rack/logger.rb:32:in `call_app'
/Users/aaron/.rvm/gems/ruby-1.9.3-p194/gems/railties-3.2.11/lib/rails/rack/logger.rb:16:in `block in call'
/Users/aaron/.rvm/gems/ruby-1.9.3-p194/gems/activesupport-3.2.11/lib/active_support/tagged_logging.rb:22:in `tagged'
/Users/aaron/.rvm/gems/ruby-1.9.3-p194/gems/railties-3.2.11/lib/rails/rack/logger.rb:16:in `call'
/Users/aaron/.rvm/gems/ruby-1.9.3-p194/gems/actionpack-3.2.11/lib/action_dispatch/middleware/request_id.rb:22:in `call'
/Users/aaron/.rvm/gems/ruby-1.9.3-p194/gems/rack-1.4.5/lib/rack/methodoverride.rb:21:in `call'
/Users/aaron/.rvm/gems/ruby-1.9.3-p194/gems/rack-1.4.5/lib/rack/runtime.rb:17:in `call'
/Users/aaron/.rvm/gems/ruby-1.9.3-p194/gems/activesupport-3.2.11/lib/active_support/cache/strategy/local_cache.rb:72:in `call'
/Users/aaron/.rvm/gems/ruby-1.9.3-p194/gems/rack-1.4.5/lib/rack/lock.rb:15:in `call'
/Users/aaron/.rvm/gems/ruby-1.9.3-p194/gems/actionpack-3.2.11/lib/action_dispatch/middleware/static.rb:62:in `call'
/Users/aaron/.rvm/gems/ruby-1.9.3-p194/gems/railties-3.2.11/lib/rails/engine.rb:479:in `call'
/Users/aaron/.rvm/gems/ruby-1.9.3-p194/gems/railties-3.2.11/lib/rails/application.rb:223:in `call'
/Users/aaron/.rvm/gems/ruby-1.9.3-p194/gems/rack-1.4.5/lib/rack/content_length.rb:14:in `call'
/Users/aaron/.rvm/gems/ruby-1.9.3-p194/gems/railties-3.2.11/lib/rails/rack/log_tailer.rb:17:in `call'
/Users/aaron/.rvm/gems/ruby-1.9.3-p194/gems/rack-1.4.5/lib/rack/handler/webrick.rb:59:in `service'
/Users/aaron/.rvm/rubies/ruby-1.9.3-p194/lib/ruby/1.9.1/webrick/httpserver.rb:138:in `service'
/Users/aaron/.rvm/rubies/ruby-1.9.3-p194/lib/ruby/1.9.1/webrick/httpserver.rb:94:in `run'
/Users/aaron/.rvm/rubies/ruby-1.9.3-p194/lib/ruby/1.9.1/webrick/server.rb:191:in `block in start_thread'
  Rendered pages/home.html.erb within layouts/application (6.9ms)
Completed 500 Internal Server Error in 12ms

ActionView::Template::Error (/Users/aaron/Sites/pinterest/app/views/pages/home.html.erb:4: unknown regexp options - apdc
/Users/aaron/Sites/pinterest/app/views/pages/home.html.erb:6: syntax error, unexpected '<', expecting ')'
/Users/aaron/Sites/pinterest/app/views/pages/home.html.erb:9: syntax error, unexpected tSTRING_BEG, expecting ')'
	<a href="http://snapdocs.com">SnapDocs</a><br>
	                             ^
/Users/aaron/Sites/pinterest/app/views/pages/home.html.erb:10: syntax error, unexpected tIDENTIFIER, expecting ')'
	<a href="http://notarysync.com">NotarySync</a><br>
	             ^
/Users/aaron/Sites/pinterest/app/views/pages/home.html.erb:10: unknown regexp options - taryyc
/Users/aaron/Sites/pinterest/app/views/pages/home.html.erb:12: syntax error, unexpected tIDENTIFIER, expecting ')'
<div class="footer">
                  ^
/Users/aaron/Sites/pinterest/app/views/pages/home.html.erb:15: unterminated string meets end of file
/Users/aaron/Sites/pinterest/app/views/pages/home.html.erb:15: syntax error, unexpected $end, expecting ')'):
    1: <h1>Welcome to Pinterest (clone)</h1>
    2: 
    3: <p>
    4: 	<%=  link_to "One Month Rails, "http://snapdocs.com"%>
    5:  	<a href="#">Sign Up Now!</a>
    6: </p>
    7: <p>
  actionpack (3.2.11) lib/action_view/template.rb:297:in `module_eval'
  actionpack (3.2.11) lib/action_view/template.rb:297:in `compile'
  actionpack (3.2.11) lib/action_view/template.rb:244:in `block in compile!'
  <internal:prelude>:10:in `synchronize'
  actionpack (3.2.11) lib/action_view/template.rb:232:in `compile!'
  actionpack (3.2.11) lib/action_view/template.rb:144:in `block in render'
  activesupport (3.2.11) lib/active_support/notifications.rb:125:in `instrument'
  actionpack (3.2.11) lib/action_view/template.rb:143:in `render'
  actionpack (3.2.11) lib/action_view/renderer/template_renderer.rb:47:in `block (2 levels) in render_template'
  actionpack (3.2.11) lib/action_view/renderer/abstract_renderer.rb:38:in `block in instrument'
  activesupport (3.2.11) lib/active_support/notifications.rb:123:in `block in instrument'
  activesupport (3.2.11) lib/active_support/notifications/instrumenter.rb:20:in `instrument'
  activesupport (3.2.11) lib/active_support/notifications.rb:123:in `instrument'
  actionpack (3.2.11) lib/action_view/renderer/abstract_renderer.rb:38:in `instrument'
  actionpack (3.2.11) lib/action_view/renderer/template_renderer.rb:46:in `block in render_template'
  actionpack (3.2.11) lib/action_view/renderer/template_renderer.rb:54:in `render_with_layout'
  actionpack (3.2.11) lib/action_view/renderer/template_renderer.rb:45:in `render_template'
  actionpack (3.2.11) lib/action_view/renderer/template_renderer.rb:18:in `render'
  actionpack (3.2.11) lib/action_view/renderer/renderer.rb:36:in `render_template'
  actionpack (3.2.11) lib/action_view/renderer/renderer.rb:17:in `render'
  actionpack (3.2.11) lib/abstract_controller/rendering.rb:110:in `_render_template'
  actionpack (3.2.11) lib/action_controller/metal/streaming.rb:225:in `_render_template'
  actionpack (3.2.11) lib/abstract_controller/rendering.rb:103:in `render_to_body'
  actionpack (3.2.11) lib/action_controller/metal/renderers.rb:28:in `render_to_body'
  actionpack (3.2.11) lib/action_controller/metal/compatibility.rb:50:in `render_to_body'
  actionpack (3.2.11) lib/abstract_controller/rendering.rb:88:in `render'
  actionpack (3.2.11) lib/action_controller/metal/rendering.rb:16:in `render'
  actionpack (3.2.11) lib/action_controller/metal/instrumentation.rb:40:in `block (2 levels) in render'
  activesupport (3.2.11) lib/active_support/core_ext/benchmark.rb:5:in `block in ms'
  /Users/aaron/.rvm/rubies/ruby-1.9.3-p194/lib/ruby/1.9.1/benchmark.rb:295:in `realtime'
  activesupport (3.2.11) lib/active_support/core_ext/benchmark.rb:5:in `ms'
  actionpack (3.2.11) lib/action_controller/metal/instrumentation.rb:40:in `block in render'
  actionpack (3.2.11) lib/action_controller/metal/instrumentation.rb:83:in `cleanup_view_runtime'
  activerecord (3.2.11) lib/active_record/railties/controller_runtime.rb:24:in `cleanup_view_runtime'
  actionpack (3.2.11) lib/action_controller/metal/instrumentation.rb:39:in `render'
  actionpack (3.2.11) lib/action_controller/metal/implicit_render.rb:10:in `default_render'
  actionpack (3.2.11) lib/action_controller/metal/implicit_render.rb:5:in `send_action'
  actionpack (3.2.11) lib/abstract_controller/base.rb:167:in `process_action'
  actionpack (3.2.11) lib/action_controller/metal/rendering.rb:10:in `process_action'
  actionpack (3.2.11) lib/abstract_controller/callbacks.rb:18:in `block in process_action'
  activesupport (3.2.11) lib/active_support/callbacks.rb:414:in `_run__3615860563154988710__process_action__3671998041585128178__callbacks'
  activesupport (3.2.11) lib/active_support/callbacks.rb:405:in `__run_callback'
  activesupport (3.2.11) lib/active_support/callbacks.rb:385:in `_run_process_action_callbacks'
  activesupport (3.2.11) lib/active_support/callbacks.rb:81:in `run_callbacks'
  actionpack (3.2.11) lib/abstract_controller/callbacks.rb:17:in `process_action'
  actionpack (3.2.11) lib/action_controller/metal/rescue.rb:29:in `process_action'
  actionpack (3.2.11) lib/action_controller/metal/instrumentation.rb:30:in `block in process_action'
  activesupport (3.2.11) lib/active_support/notifications.rb:123:in `block in instrument'
  activesupport (3.2.11) lib/active_support/notifications/instrumenter.rb:20:in `instrument'
  activesupport (3.2.11) lib/active_support/notifications.rb:123:in `instrument'
  actionpack (3.2.11) lib/action_controller/metal/instrumentation.rb:29:in `process_action'
  actionpack (3.2.11) lib/action_controller/metal/params_wrapper.rb:207:in `process_action'
  activerecord (3.2.11) lib/active_record/railties/controller_runtime.rb:18:in `process_action'
  actionpack (3.2.11) lib/abstract_controller/base.rb:121:in `process'
  actionpack (3.2.11) lib/abstract_controller/rendering.rb:45:in `process'
  actionpack (3.2.11) lib/action_controller/metal.rb:203:in `dispatch'
  actionpack (3.2.11) lib/action_controller/metal/rack_delegation.rb:14:in `dispatch'
  actionpack (3.2.11) lib/action_controller/metal.rb:246:in `block in action'
  actionpack (3.2.11) lib/action_dispatch/routing/route_set.rb:73:in `call'
  actionpack (3.2.11) lib/action_dispatch/routing/route_set.rb:73:in `dispatch'
  actionpack (3.2.11) lib/action_dispatch/routing/route_set.rb:36:in `call'
  journey (1.0.4) lib/journey/router.rb:68:in `block in call'
  journey (1.0.4) lib/journey/router.rb:56:in `each'
  journey (1.0.4) lib/journey/router.rb:56:in `call'
  actionpack (3.2.11) lib/action_dispatch/routing/route_set.rb:601:in `call'
  actionpack (3.2.11) lib/action_dispatch/middleware/best_standards_support.rb:17:in `call'
  rack (1.4.5) lib/rack/etag.rb:23:in `call'
  rack (1.4.5) lib/rack/conditionalget.rb:25:in `call'
  actionpack (3.2.11) lib/action_dispatch/middleware/head.rb:14:in `call'
  actionpack (3.2.11) lib/action_dispatch/middleware/params_parser.rb:21:in `call'
  actionpack (3.2.11) lib/action_dispatch/middleware/flash.rb:242:in `call'
  rack (1.4.5) lib/rack/session/abstract/id.rb:210:in `context'
  rack (1.4.5) lib/rack/session/abstract/id.rb:205:in `call'
  actionpack (3.2.11) lib/action_dispatch/middleware/cookies.rb:341:in `call'
  activerecord (3.2.11) lib/active_record/query_cache.rb:64:in `call'
  activerecord (3.2.11) lib/active_record/connection_adapters/abstract/connection_pool.rb:479:in `call'
  actionpack (3.2.11) lib/action_dispatch/middleware/callbacks.rb:28:in `block in call'
  activesupport (3.2.11) lib/active_support/callbacks.rb:405:in `_run__970948645387766769__call__3137803142613619515__callbacks'
  activesupport (3.2.11) lib/active_support/callbacks.rb:405:in `__run_callback'
  activesupport (3.2.11) lib/active_support/callbacks.rb:385:in `_run_call_callbacks'
  activesupport (3.2.11) lib/active_support/callbacks.rb:81:in `run_callbacks'
  actionpack (3.2.11) lib/action_dispatch/middleware/callbacks.rb:27:in `call'
  actionpack (3.2.11) lib/action_dispatch/middleware/reloader.rb:65:in `call'
  actionpack (3.2.11) lib/action_dispatch/middleware/remote_ip.rb:31:in `call'
  actionpack (3.2.11) lib/action_dispatch/middleware/debug_exceptions.rb:16:in `call'
  actionpack (3.2.11) lib/action_dispatch/middleware/show_exceptions.rb:56:in `call'
  railties (3.2.11) lib/rails/rack/logger.rb:32:in `call_app'
  railties (3.2.11) lib/rails/rack/logger.rb:16:in `block in call'
  activesupport (3.2.11) lib/active_support/tagged_logging.rb:22:in `tagged'
  railties (3.2.11) lib/rails/rack/logger.rb:16:in `call'
  actionpack (3.2.11) lib/action_dispatch/middleware/request_id.rb:22:in `call'
  rack (1.4.5) lib/rack/methodoverride.rb:21:in `call'
  rack (1.4.5) lib/rack/runtime.rb:17:in `call'
  activesupport (3.2.11) lib/active_support/cache/strategy/local_cache.rb:72:in `call'
  rack (1.4.5) lib/rack/lock.rb:15:in `call'
  actionpack (3.2.11) lib/action_dispatch/middleware/static.rb:62:in `call'
  railties (3.2.11) lib/rails/engine.rb:479:in `call'
  railties (3.2.11) lib/rails/application.rb:223:in `call'
  rack (1.4.5) lib/rack/content_length.rb:14:in `call'
  railties (3.2.11) lib/rails/rack/log_tailer.rb:17:in `call'
  rack (1.4.5) lib/rack/handler/webrick.rb:59:in `service'
  /Users/aaron/.rvm/rubies/ruby-1.9.3-p194/lib/ruby/1.9.1/webrick/httpserver.rb:138:in `service'
  /Users/aaron/.rvm/rubies/ruby-1.9.3-p194/lib/ruby/1.9.1/webrick/httpserver.rb:94:in `run'
  /Users/aaron/.rvm/rubies/ruby-1.9.3-p194/lib/ruby/1.9.1/webrick/server.rb:191:in `block in start_thread'


  Rendered /Users/aaron/.rvm/gems/ruby-1.9.3-p194/gems/actionpack-3.2.11/lib/action_dispatch/middleware/templates/rescues/_trace.erb (1.8ms)
  Rendered /Users/aaron/.rvm/gems/ruby-1.9.3-p194/gems/actionpack-3.2.11/lib/action_dispatch/middleware/templates/rescues/_request_and_response.erb (1.2ms)
  Rendered /Users/aaron/.rvm/gems/ruby-1.9.3-p194/gems/actionpack-3.2.11/lib/action_dispatch/middleware/templates/rescues/template_error.erb within rescues/layout (15.6ms)


Started GET "/" for 127.0.0.1 at 2013-02-18 22:38:43 -0800
Processing by PagesController#home as HTML
  Rendered pages/home.html.erb within layouts/application (0.5ms)
Completed 200 OK in 43ms (Views: 42.3ms | ActiveRecord: 0.0ms)


Started GET "/assets/jquery.js?body=1" for 127.0.0.1 at 2013-02-18 22:38:43 -0800
Served asset /jquery.js - 304 Not Modified (0ms)


Started GET "/assets/pages.css?body=1" for 127.0.0.1 at 2013-02-18 22:38:43 -0800
Served asset /pages.css - 304 Not Modified (0ms)


Started GET "/assets/jquery_ujs.js?body=1" for 127.0.0.1 at 2013-02-18 22:38:43 -0800
Served asset /jquery_ujs.js - 304 Not Modified (0ms)


Started GET "/assets/application.css?body=1" for 127.0.0.1 at 2013-02-18 22:38:43 -0800
Served asset /application.css - 304 Not Modified (0ms)


Started GET "/assets/pages.js?body=1" for 127.0.0.1 at 2013-02-18 22:38:43 -0800
Served asset /pages.js - 304 Not Modified (0ms)


Started GET "/assets/application.js?body=1" for 127.0.0.1 at 2013-02-18 22:38:43 -0800
Served asset /application.js - 304 Not Modified (0ms)


Started GET "/" for 127.0.0.1 at 2013-02-18 22:41:43 -0800
Processing by PagesController#home as HTML
  Rendered pages/home.html.erb within layouts/application (0.6ms)
Completed 200 OK in 7ms (Views: 6.7ms | ActiveRecord: 0.0ms)


Started GET "/assets/pages.css?body=1" for 127.0.0.1 at 2013-02-18 22:41:43 -0800
Served asset /pages.css - 304 Not Modified (0ms)


Started GET "/assets/jquery_ujs.js?body=1" for 127.0.0.1 at 2013-02-18 22:41:43 -0800
Served asset /jquery_ujs.js - 304 Not Modified (0ms)


Started GET "/assets/application.js?body=1" for 127.0.0.1 at 2013-02-18 22:41:43 -0800
Served asset /application.js - 304 Not Modified (0ms)


Started GET "/assets/pages.js?body=1" for 127.0.0.1 at 2013-02-18 22:41:43 -0800
Served asset /pages.js - 304 Not Modified (0ms)


Started GET "/assets/jquery.js?body=1" for 127.0.0.1 at 2013-02-18 22:41:43 -0800
Served asset /jquery.js - 304 Not Modified (0ms)


Started GET "/assets/application.css?body=1" for 127.0.0.1 at 2013-02-18 22:41:43 -0800
Served asset /application.css - 304 Not Modified (0ms)


Started GET "/" for 127.0.0.1 at 2013-02-18 22:42:24 -0800
Processing by PagesController#home as HTML
  Rendered pages/home.html.erb within layouts/application (0.9ms)
Completed 200 OK in 9ms (Views: 8.8ms | ActiveRecord: 0.0ms)


Started GET "/assets/pages.css?body=1" for 127.0.0.1 at 2013-02-18 22:42:24 -0800
Served asset /pages.css - 304 Not Modified (0ms)


Started GET "/assets/jquery.js?body=1" for 127.0.0.1 at 2013-02-18 22:42:24 -0800
Served asset /jquery.js - 304 Not Modified (0ms)


Started GET "/assets/application.js?body=1" for 127.0.0.1 at 2013-02-18 22:42:24 -0800
Served asset /application.js - 304 Not Modified (0ms)


Started GET "/assets/pages.js?body=1" for 127.0.0.1 at 2013-02-18 22:42:24 -0800
Served asset /pages.js - 304 Not Modified (1ms)


Started GET "/assets/jquery_ujs.js?body=1" for 127.0.0.1 at 2013-02-18 22:42:24 -0800
Served asset /jquery_ujs.js - 304 Not Modified (0ms)


Started GET "/assets/application.css?body=1" for 127.0.0.1 at 2013-02-18 22:42:24 -0800
Served asset /application.css - 304 Not Modified (0ms)


Started GET "/" for 127.0.0.1 at 2013-02-18 22:42:33 -0800
Processing by PagesController#home as HTML
  Rendered pages/home.html.erb within layouts/application (0.7ms)
Completed 200 OK in 10ms (Views: 7.2ms | ActiveRecord: 0.0ms)


Started GET "/assets/pages.css?body=1" for 127.0.0.1 at 2013-02-18 22:42:33 -0800
Served asset /pages.css - 304 Not Modified (0ms)


Started GET "/assets/application.css?body=1" for 127.0.0.1 at 2013-02-18 22:42:33 -0800
Served asset /application.css - 304 Not Modified (0ms)


Started GET "/assets/jquery.js?body=1" for 127.0.0.1 at 2013-02-18 22:42:33 -0800
Served asset /jquery.js - 304 Not Modified (0ms)


Started GET "/assets/pages.js?body=1" for 127.0.0.1 at 2013-02-18 22:42:33 -0800
Served asset /pages.js - 304 Not Modified (0ms)


Started GET "/assets/jquery_ujs.js?body=1" for 127.0.0.1 at 2013-02-18 22:42:33 -0800
Served asset /jquery_ujs.js - 304 Not Modified (0ms)


Started GET "/assets/application.js?body=1" for 127.0.0.1 at 2013-02-18 22:42:33 -0800
Served asset /application.js - 304 Not Modified (2ms)


Started GET "/" for 127.0.0.1 at 2013-02-18 22:43:20 -0800
Processing by PagesController#home as HTML
  Rendered pages/home.html.erb within layouts/application (0.1ms)
Completed 200 OK in 5ms (Views: 5.2ms | ActiveRecord: 0.0ms)


Started GET "/assets/application.css?body=1" for 127.0.0.1 at 2013-02-18 22:43:20 -0800
Served asset /application.css - 304 Not Modified (0ms)


Started GET "/assets/pages.css?body=1" for 127.0.0.1 at 2013-02-18 22:43:20 -0800
Served asset /pages.css - 304 Not Modified (0ms)


Started GET "/assets/jquery_ujs.js?body=1" for 127.0.0.1 at 2013-02-18 22:43:20 -0800
Served asset /jquery_ujs.js - 304 Not Modified (0ms)


Started GET "/assets/jquery.js?body=1" for 127.0.0.1 at 2013-02-18 22:43:20 -0800
Served asset /jquery.js - 304 Not Modified (0ms)


Started GET "/assets/pages.js?body=1" for 127.0.0.1 at 2013-02-18 22:43:20 -0800
Served asset /pages.js - 304 Not Modified (0ms)


Started GET "/assets/application.js?body=1" for 127.0.0.1 at 2013-02-18 22:43:20 -0800
Served asset /application.js - 304 Not Modified (0ms)


Started GET "/" for 127.0.0.1 at 2013-02-18 22:45:37 -0800
Processing by PagesController#home as HTML
  Rendered pages/home.html.erb within layouts/application (3.9ms)
Completed 200 OK in 12ms (Views: 11.5ms | ActiveRecord: 0.0ms)


Started GET "/assets/pages.css?body=1" for 127.0.0.1 at 2013-02-18 22:45:37 -0800
Served asset /pages.css - 304 Not Modified (0ms)


Started GET "/assets/jquery.js?body=1" for 127.0.0.1 at 2013-02-18 22:45:37 -0800
Served asset /jquery.js - 304 Not Modified (0ms)


Started GET "/assets/application.js?body=1" for 127.0.0.1 at 2013-02-18 22:45:37 -0800
Served asset /application.js - 304 Not Modified (0ms)


Started GET "/assets/jquery_ujs.js?body=1" for 127.0.0.1 at 2013-02-18 22:45:37 -0800
Served asset /jquery_ujs.js - 304 Not Modified (0ms)


Started GET "/assets/pages.js?body=1" for 127.0.0.1 at 2013-02-18 22:45:37 -0800
Served asset /pages.js - 304 Not Modified (0ms)


Started GET "/assets/application.css?body=1" for 127.0.0.1 at 2013-02-18 22:45:37 -0800
Served asset /application.css - 304 Not Modified (0ms)


Started GET "/" for 127.0.0.1 at 2013-02-18 22:45:51 -0800
Processing by PagesController#home as HTML
  Rendered pages/home.html.erb within layouts/application (1.2ms)
Completed 200 OK in 6ms (Views: 6.0ms | ActiveRecord: 0.0ms)


Started GET "/assets/application.css?body=1" for 127.0.0.1 at 2013-02-18 22:45:51 -0800
Served asset /application.css - 304 Not Modified (0ms)


Started GET "/assets/pages.js?body=1" for 127.0.0.1 at 2013-02-18 22:45:51 -0800
Served asset /pages.js - 304 Not Modified (0ms)


Started GET "/assets/jquery_ujs.js?body=1" for 127.0.0.1 at 2013-02-18 22:45:51 -0800
Served asset /jquery_ujs.js - 304 Not Modified (0ms)


Started GET "/assets/pages.css?body=1" for 127.0.0.1 at 2013-02-18 22:45:51 -0800
Served asset /pages.css - 304 Not Modified (0ms)


Started GET "/assets/jquery.js?body=1" for 127.0.0.1 at 2013-02-18 22:45:51 -0800
Served asset /jquery.js - 304 Not Modified (0ms)


Started GET "/assets/application.js?body=1" for 127.0.0.1 at 2013-02-18 22:45:51 -0800
Served asset /application.js - 304 Not Modified (0ms)


Started GET "/" for 127.0.0.1 at 2013-02-18 22:46:03 -0800
Processing by PagesController#home as HTML
  Rendered pages/home.html.erb within layouts/application (1.4ms)
Completed 200 OK in 7ms (Views: 6.6ms | ActiveRecord: 0.0ms)


Started GET "/assets/application.css?body=1" for 127.0.0.1 at 2013-02-18 22:46:03 -0800
Served asset /application.css - 304 Not Modified (0ms)


Started GET "/assets/jquery_ujs.js?body=1" for 127.0.0.1 at 2013-02-18 22:46:03 -0800
Served asset /jquery_ujs.js - 304 Not Modified (0ms)


Started GET "/assets/pages.css?body=1" for 127.0.0.1 at 2013-02-18 22:46:03 -0800
Served asset /pages.css - 304 Not Modified (0ms)


Started GET "/assets/jquery.js?body=1" for 127.0.0.1 at 2013-02-18 22:46:03 -0800
Served asset /jquery.js - 304 Not Modified (0ms)


Started GET "/assets/pages.js?body=1" for 127.0.0.1 at 2013-02-18 22:46:03 -0800
Served asset /pages.js - 304 Not Modified (6ms)


Started GET "/assets/application.js?body=1" for 127.0.0.1 at 2013-02-18 22:46:03 -0800
Served asset /application.js - 304 Not Modified (0ms)


Started GET "/" for 127.0.0.1 at 2013-02-18 22:46:04 -0800
Processing by PagesController#home as HTML
  Rendered pages/home.html.erb within layouts/application (0.8ms)
Completed 200 OK in 23ms (Views: 15.1ms | ActiveRecord: 0.0ms)


Started GET "/assets/pages.css?body=1" for 127.0.0.1 at 2013-02-18 22:46:04 -0800
Served asset /pages.css - 304 Not Modified (0ms)


Started GET "/assets/pages.js?body=1" for 127.0.0.1 at 2013-02-18 22:46:04 -0800
Served asset /pages.js - 304 Not Modified (0ms)


Started GET "/assets/jquery.js?body=1" for 127.0.0.1 at 2013-02-18 22:46:04 -0800
Served asset /jquery.js - 304 Not Modified (0ms)


Started GET "/assets/application.css?body=1" for 127.0.0.1 at 2013-02-18 22:46:04 -0800
Served asset /application.css - 304 Not Modified (0ms)


Started GET "/assets/application.js?body=1" for 127.0.0.1 at 2013-02-18 22:46:04 -0800
Served asset /application.js - 304 Not Modified (0ms)


Started GET "/assets/jquery_ujs.js?body=1" for 127.0.0.1 at 2013-02-18 22:46:04 -0800
Served asset /jquery_ujs.js - 304 Not Modified (0ms)


Started GET "/about" for 127.0.0.1 at 2013-02-18 22:46:05 -0800
Processing by PagesController#about as HTML
  Rendered pages/about.html.erb within layouts/application (1.1ms)
Completed 200 OK in 6ms (Views: 6.1ms | ActiveRecord: 0.0ms)


Started GET "/assets/application.css?body=1" for 127.0.0.1 at 2013-02-18 22:46:05 -0800
Served asset /application.css - 304 Not Modified (3ms)


Started GET "/assets/application.js?body=1" for 127.0.0.1 at 2013-02-18 22:46:05 -0800
Served asset /application.js - 304 Not Modified (0ms)


Started GET "/assets/jquery_ujs.js?body=1" for 127.0.0.1 at 2013-02-18 22:46:05 -0800
Served asset /jquery_ujs.js - 304 Not Modified (0ms)


Started GET "/assets/pages.css?body=1" for 127.0.0.1 at 2013-02-18 22:46:05 -0800
Served asset /pages.css - 304 Not Modified (0ms)


Started GET "/assets/jquery.js?body=1" for 127.0.0.1 at 2013-02-18 22:46:05 -0800
Served asset /jquery.js - 304 Not Modified (10ms)


Started GET "/assets/pages.js?body=1" for 127.0.0.1 at 2013-02-18 22:46:05 -0800
Served asset /pages.js - 304 Not Modified (0ms)


Started GET "/" for 127.0.0.1 at 2013-02-18 22:46:06 -0800
Processing by PagesController#home as HTML
  Rendered pages/home.html.erb within layouts/application (0.7ms)
Completed 200 OK in 9ms (Views: 8.8ms | ActiveRecord: 0.0ms)


Started GET "/assets/application.css?body=1" for 127.0.0.1 at 2013-02-18 22:46:06 -0800
Served asset /application.css - 304 Not Modified (0ms)


Started GET "/assets/pages.css?body=1" for 127.0.0.1 at 2013-02-18 22:46:06 -0800
Served asset /pages.css - 304 Not Modified (0ms)


Started GET "/assets/jquery.js?body=1" for 127.0.0.1 at 2013-02-18 22:46:06 -0800
Served asset /jquery.js - 304 Not Modified (0ms)


Started GET "/assets/jquery_ujs.js?body=1" for 127.0.0.1 at 2013-02-18 22:46:06 -0800
Served asset /jquery_ujs.js - 304 Not Modified (0ms)


Started GET "/assets/pages.js?body=1" for 127.0.0.1 at 2013-02-18 22:46:06 -0800
Served asset /pages.js - 304 Not Modified (0ms)


Started GET "/about" for 127.0.0.1 at 2013-02-18 22:46:07 -0800
Processing by PagesController#about as HTML
  Rendered pages/about.html.erb within layouts/application (0.7ms)
Completed 200 OK in 5ms (Views: 4.9ms | ActiveRecord: 0.0ms)


Started GET "/assets/application.css?body=1" for 127.0.0.1 at 2013-02-18 22:46:07 -0800
Served asset /application.css - 304 Not Modified (0ms)


Started GET "/assets/pages.css?body=1" for 127.0.0.1 at 2013-02-18 22:46:07 -0800
Served asset /pages.css - 304 Not Modified (0ms)


Started GET "/assets/application.js?body=1" for 127.0.0.1 at 2013-02-18 22:46:07 -0800
Served asset /application.js - 200 OK (0ms)


Started GET "/assets/jquery.js?body=1" for 127.0.0.1 at 2013-02-18 22:46:07 -0800
Served asset /jquery.js - 304 Not Modified (0ms)


Started GET "/assets/jquery_ujs.js?body=1" for 127.0.0.1 at 2013-02-18 22:46:07 -0800
Served asset /jquery_ujs.js - 304 Not Modified (0ms)


Started GET "/" for 127.0.0.1 at 2013-02-18 22:46:08 -0800
Processing by PagesController#home as HTML
  Rendered pages/home.html.erb within layouts/application (0.5ms)
Completed 200 OK in 5ms (Views: 4.4ms | ActiveRecord: 0.0ms)


Started GET "/assets/pages.js?body=1" for 127.0.0.1 at 2013-02-18 22:46:08 -0800
Served asset /pages.js - 200 OK (0ms)


Started GET "/assets/application.css?body=1" for 127.0.0.1 at 2013-02-18 22:46:08 -0800
Served asset /application.css - 304 Not Modified (0ms)


Started GET "/assets/jquery_ujs.js?body=1" for 127.0.0.1 at 2013-02-18 22:46:08 -0800
Served asset /jquery_ujs.js - 304 Not Modified (0ms)


Started GET "/assets/jquery.js?body=1" for 127.0.0.1 at 2013-02-18 22:46:08 -0800
Served asset /jquery.js - 304 Not Modified (0ms)


Started GET "/assets/pages.css?body=1" for 127.0.0.1 at 2013-02-18 22:46:08 -0800
Served asset /pages.css - 304 Not Modified (0ms)


Started GET "/" for 127.0.0.1 at 2013-02-18 22:48:52 -0800
Processing by PagesController#home as HTML
  Rendered pages/home.html.erb within layouts/application (0.6ms)
Completed 200 OK in 7ms (Views: 6.8ms | ActiveRecord: 0.0ms)


Started GET "/assets/application.css?body=1" for 127.0.0.1 at 2013-02-18 22:48:52 -0800
Served asset /application.css - 304 Not Modified (0ms)


Started GET "/assets/jquery_ujs.js?body=1" for 127.0.0.1 at 2013-02-18 22:48:52 -0800
Served asset /jquery_ujs.js - 304 Not Modified (9ms)


Started GET "/assets/pages.css?body=1" for 127.0.0.1 at 2013-02-18 22:48:52 -0800
Served asset /pages.css - 304 Not Modified (0ms)


Started GET "/assets/pages.js?body=1" for 127.0.0.1 at 2013-02-18 22:48:52 -0800
Served asset /pages.js - 304 Not Modified (0ms)


Started GET "/assets/jquery.js?body=1" for 127.0.0.1 at 2013-02-18 22:48:52 -0800
Served asset /jquery.js - 304 Not Modified (2ms)


Started GET "/assets/application.js?body=1" for 127.0.0.1 at 2013-02-18 22:48:52 -0800
Served asset /application.js - 304 Not Modified (0ms)


Started GET "/" for 127.0.0.1 at 2013-02-18 22:48:54 -0800
Processing by PagesController#home as HTML
  Rendered pages/home.html.erb within layouts/application (0.2ms)
Completed 200 OK in 6ms (Views: 5.5ms | ActiveRecord: 0.0ms)


Started GET "/assets/pages.css?body=1" for 127.0.0.1 at 2013-02-18 22:48:54 -0800
Served asset /pages.css - 304 Not Modified (0ms)


Started GET "/assets/jquery.js?body=1" for 127.0.0.1 at 2013-02-18 22:48:54 -0800
Served asset /jquery.js - 304 Not Modified (0ms)


Started GET "/assets/pages.js?body=1" for 127.0.0.1 at 2013-02-18 22:48:54 -0800
Served asset /pages.js - 304 Not Modified (0ms)


Started GET "/assets/application.css?body=1" for 127.0.0.1 at 2013-02-18 22:48:54 -0800
Served asset /application.css - 304 Not Modified (0ms)


Started GET "/assets/jquery_ujs.js?body=1" for 127.0.0.1 at 2013-02-18 22:48:54 -0800
Served asset /jquery_ujs.js - 304 Not Modified (0ms)


Started GET "/about" for 127.0.0.1 at 2013-02-18 22:48:55 -0800
Processing by PagesController#about as HTML
  Rendered pages/about.html.erb within layouts/application (0.5ms)
Completed 200 OK in 58ms (Views: 57.6ms | ActiveRecord: 0.0ms)


Started GET "/assets/pages.css?body=1" for 127.0.0.1 at 2013-02-18 22:48:55 -0800
Served asset /pages.css - 304 Not Modified (0ms)


Started GET "/assets/application.js?body=1" for 127.0.0.1 at 2013-02-18 22:48:55 -0800
Served asset /application.js - 200 OK (0ms)


Started GET "/assets/pages.js?body=1" for 127.0.0.1 at 2013-02-18 22:48:55 -0800
Served asset /pages.js - 304 Not Modified (0ms)


Started GET "/assets/jquery_ujs.js?body=1" for 127.0.0.1 at 2013-02-18 22:48:55 -0800
Served asset /jquery_ujs.js - 304 Not Modified (0ms)


Started GET "/assets/jquery.js?body=1" for 127.0.0.1 at 2013-02-18 22:48:55 -0800
Served asset /jquery.js - 304 Not Modified (0ms)


Started GET "/assets/application.css?body=1" for 127.0.0.1 at 2013-02-18 22:48:55 -0800
Served asset /application.css - 304 Not Modified (0ms)


Started GET "/about" for 127.0.0.1 at 2013-02-18 22:49:48 -0800
Processing by PagesController#about as HTML
  Rendered pages/about.html.erb within layouts/application (0.0ms)
Completed 200 OK in 6ms (Views: 5.8ms | ActiveRecord: 0.0ms)


Started GET "/assets/jquery.js?body=1" for 127.0.0.1 at 2013-02-18 22:49:48 -0800
Served asset /jquery.js - 304 Not Modified (0ms)


Started GET "/assets/pages.css?body=1" for 127.0.0.1 at 2013-02-18 22:49:48 -0800
Served asset /pages.css - 304 Not Modified (0ms)


Started GET "/assets/pages.js?body=1" for 127.0.0.1 at 2013-02-18 22:49:48 -0800
Served asset /pages.js - 304 Not Modified (0ms)


Started GET "/assets/jquery_ujs.js?body=1" for 127.0.0.1 at 2013-02-18 22:49:48 -0800
Served asset /jquery_ujs.js - 304 Not Modified (0ms)


Started GET "/assets/application.css?body=1" for 127.0.0.1 at 2013-02-18 22:49:48 -0800
Served asset /application.css - 304 Not Modified (0ms)


Started GET "/assets/application.js?body=1" for 127.0.0.1 at 2013-02-18 22:49:48 -0800
Served asset /application.js - 304 Not Modified (0ms)


Started GET "/about" for 127.0.0.1 at 2013-02-18 22:53:32 -0800
Processing by PagesController#about as HTML
  Rendered pages/about.html.erb within layouts/application (0.1ms)
  Rendered layouts/_header (1.1ms)
Completed 200 OK in 13ms (Views: 12.5ms | ActiveRecord: 0.0ms)


Started GET "/assets/pages.css?body=1" for 127.0.0.1 at 2013-02-18 22:53:32 -0800
Served asset /pages.css - 304 Not Modified (0ms)


Started GET "/assets/jquery_ujs.js?body=1" for 127.0.0.1 at 2013-02-18 22:53:32 -0800
Served asset /jquery_ujs.js - 304 Not Modified (0ms)


Started GET "/assets/application.css?body=1" for 127.0.0.1 at 2013-02-18 22:53:32 -0800
Served asset /application.css - 304 Not Modified (0ms)


Started GET "/assets/pages.js?body=1" for 127.0.0.1 at 2013-02-18 22:53:32 -0800
Served asset /pages.js - 304 Not Modified (0ms)


Started GET "/assets/jquery.js?body=1" for 127.0.0.1 at 2013-02-18 22:53:32 -0800
Served asset /jquery.js - 304 Not Modified (0ms)


Started GET "/assets/application.js?body=1" for 127.0.0.1 at 2013-02-18 22:53:32 -0800
Served asset /application.js - 304 Not Modified (0ms)


Started GET "/about" for 127.0.0.1 at 2013-02-18 22:55:26 -0800
Processing by PagesController#about as HTML
  Rendered pages/about.html.erb within layouts/application (0.0ms)
  Rendered layouts/_header (0.5ms)
  Rendered layouts/_footer.html.erb (0.4ms)
Completed 200 OK in 9ms (Views: 8.3ms | ActiveRecord: 0.0ms)


Started GET "/assets/application.css?body=1" for 127.0.0.1 at 2013-02-18 22:55:26 -0800
Served asset /application.css - 304 Not Modified (0ms)


Started GET "/assets/jquery.js?body=1" for 127.0.0.1 at 2013-02-18 22:55:26 -0800
Served asset /jquery.js - 304 Not Modified (0ms)


Started GET "/assets/pages.js?body=1" for 127.0.0.1 at 2013-02-18 22:55:26 -0800
Served asset /pages.js - 304 Not Modified (0ms)


Started GET "/assets/pages.css?body=1" for 127.0.0.1 at 2013-02-18 22:55:26 -0800
Served asset /pages.css - 304 Not Modified (0ms)


Started GET "/assets/jquery_ujs.js?body=1" for 127.0.0.1 at 2013-02-18 22:55:26 -0800
Served asset /jquery_ujs.js - 304 Not Modified (1ms)


Started GET "/assets/application.js?body=1" for 127.0.0.1 at 2013-02-18 22:55:26 -0800
Served asset /application.js - 304 Not Modified (0ms)
